KishLattice Star Probe Run Log
============================================================
probe_name:      star_probe
run_timestamp:   20260614_212931
vol_root:        C:\Users\timot\Downloads\Science\src\KishLattice Star
engine_version:  7ec3f687e97dbc53157f487b8d3c8028c78cb29cd07bf67abd2b4a5260366c03d5d1612f9caf57d6b0c21459cc7e1a582bf8bbb130a32607dec51771d0db373477dbb7cfd9c0d829f7262a19a7ffe3ea8caf4329bd8303c740a920df932f4bb2
stages:          scalarize, unify, chaos, pinch
started_utc:     2026-06-14 21:29:31 UTC
============================================================


[2026-06-14 21:29:31 UTC] STAGE: SCALARIZE
[2026-06-14 21:29:31 UTC] STAGE COMPLETE: scalarize in 0s

[2026-06-14 21:29:31 UTC] STAGE: UNIFY
[2026-06-14 21:29:31 UTC] STAGE COMPLETE: unify in 0s

[2026-06-14 21:29:31 UTC] STAGE: CHAOS
[2026-06-14 21:29:31 UTC] STAGE COMPLETE: chaos in 0s

[2026-06-14 21:29:31 UTC] STAGE: PINCH
[2026-06-14 21:29:32 UTC] STAGE COMPLETE: pinch in 0s

============================================================
[2026-06-14 21:29:32 UTC] PROBE COMPLETE
  Total runtime: 1s
  Log file:      C:\Users\timot\Downloads\Science\src\KishLattice Star\lakes\logs\probe_star_probe_20260614_212931.log
  Verdict:       NULL
============================================================
