KishLattice Star Probe Run Log
============================================================
probe_name:      star_probe
run_timestamp:   20260614_211818
vol_root:        C:\Users\timot\Downloads\Science\src\KishLattice Star
engine_version:  7ec3f687e97dbc53157f487b8d3c8028c78cb29cd07bf67abd2b4a5260366c03d5d1612f9caf57d6b0c21459cc7e1a582bf8bbb130a32607dec51771d0db373477dbb7cfd9c0d829f7262a19a7ffe3eaef825f3a9e620d9d3ba1d052e688e76f
stages:          scalarize, unify, chaos, pinch
started_utc:     2026-06-14 21:18:18 UTC
============================================================


[2026-06-14 21:18:18 UTC] STAGE: SCALARIZE
[2026-06-14 21:18:18 UTC] STAGE COMPLETE: scalarize in 0s

[2026-06-14 21:18:18 UTC] STAGE: UNIFY
[2026-06-14 21:18:18 UTC] STAGE COMPLETE: unify in 0s

[2026-06-14 21:18:18 UTC] STAGE: CHAOS
[2026-06-14 21:18:19 UTC] STAGE COMPLETE: chaos in 0s

[2026-06-14 21:18:19 UTC] STAGE: PINCH
[2026-06-14 21:18:19 UTC] STAGE FAILED (exit code 1): pinch in 0s

============================================================
[2026-06-14 21:18:19 UTC] PIPELINE HALTED -- pinch failed.
  Fix the issue and re-run:
  python engine/run_probe.py --probe star_probe --from pinch
============================================================

============================================================
[2026-06-14 21:18:19 UTC] PROBE HALTED
  Total runtime: 1s
  Log file:      C:\Users\timot\Downloads\Science\src\KishLattice Star\lakes\logs\probe_star_probe_20260614_211818.log
  Verdict:       ERROR
============================================================
