KishLattice Pipeline Run Log
============================================================
run_timestamp:   20260620_174648
vol_root:        C:\Users\timot\Downloads\Science\src\KishLattice Star
engine_version:  7ec3f687e97dbc53157f487b8d3c8028c78cb29cd07bf67abd2b4a5260366c03d5d1612f9caf57d6b0c21459cc7e1a582bf8bbb130a32607dec51771d0db3734357166e3dff34ccfa27065ff6a20e4ded750d9b4f634dbfb76a9d1e29315a8dc
stages:          scalarize, unify, chaos, pinch, figures
started_utc:     2026-06-20 17:46:58 UTC
============================================================


============================================================
[2026-06-20 17:46:58 UTC] STAGE: SCALARIZE
Transform promoted lakes into scalar space
============================================================
[scalarize.json] Loaded config for 4 domains.

============================================================
  [MONITORING TIP] Open a new terminal and run:
  python engine/sidecar.py
  to view the live byte-streaming progress dashboard.
============================================================

Scalarizing s3_ligo_noise_control: s3_ligo_noise_control_promoted.jsonl -> s3_ligo_noise_control_scalarized.jsonl (mode=geometry)

[2026-06-20 17:46:58 UTC] STAGE COMPLETE: scalarize in 0s

============================================================
[2026-06-20 17:46:58 UTC] STAGE: UNIFY
Stream all scalarized lakes into unified master
============================================================
C:\Users\timot\Downloads\Science\src\KishLattice Star\engine\unify.py:94: DeprecationWarning: datetime.datetime.utcnow() is deprecated and scheduled for removal in a future version. Use timezone-aware objects to represent datetimes in UTC: datetime.datetime.now(datetime.UTC).
  start_time = datetime.utcnow().strftime('%Y-%m-%d %H:%M:%S UTC')
C:\Users\timot\Downloads\Science\src\KishLattice Star\engine\unify.py:179: DeprecationWarning: datetime.datetime.utcnow() is deprecated and scheduled for removal in a future version. Use timezone-aware objects to represent datetimes in UTC: datetime.datetime.now(datetime.UTC).
  end_time = datetime.utcnow().strftime('%Y-%m-%d %H:%M:%S UTC')

============================================================
  [MONITORING TIP] Open a new terminal and run:
  python engine/sidecar.py
  to view the live unified streaming dashboard.
============================================================

Volumes: 3 total, 1 enabled, 2 disabled

[2026-06-20 17:46:58 UTC] Pipeline run started.

  [s3_ligo_noise_control] domain=ligo_coherence_NOISE_CONTROL  n=74  nonzero=71

[2026-06-20 17:46:58 UTC] Run complete.
  Total runtime:   0h 0m 0s
  Total records:   74
  Lakes processed: 1
  Throughput:      5,272 records/sec (average)
  Master checksum: 7db30db7b03e7eeef8e68c6f5e937305
  Checksum saved:  C:\Users\timot\Downloads\Science\src\KishLattice Star\lakes\unified\unified_master.jsonl.md5

Unified master written: C:\Users\timot\Downloads\Science\src\KishLattice Star\lakes\unified\unified_master.jsonl
Sweep results written:  C:\Users\timot\Downloads\Science\src\KishLattice Star\lakes\unified\sweep_results.json
Pinch table written:    C:\Users\timot\Downloads\Science\src\KishLattice Star\lakes\unified\pinch_table.json

Domain summary:
  Domain                          n    nonzero     mean range
  -----------------------------------------------------------------
  ligo_coherence_NOISE_CONTROL         74         71   5.1185 [4.8952, 5.2957]

[2026-06-20 17:46:58 UTC] STAGE COMPLETE: unify in 0s

[2026-06-20 17:46:58 UTC] CHECKSUM: computing MD5 of unified_master.jsonl
  Checksum:      620b9c5a7796fff1be4d9d6750d02b82
  Bytes:         31,079
  Computed in:   0s
  Written to:    lakes\unified\unified_master.jsonl.md5

============================================================
[2026-06-20 17:46:58 UTC] STAGE: CHAOS
Build chaos null distributions per domain
============================================================
[harmonic_targets.json] Loaded 23 registers (N=4 to N=26), container=24, threshold=0.05

============================================================
  [MONITORING TIP] Open a new terminal and run:
  python engine/sidecar.py
  to view the live null generation dashboard.
============================================================

NOTE: This job builds null distributions for all domains.
      Runtime: Dependent on lake sizes. Do not interrupt.

k_geo = 16/pi = 5.0929581789
Volume number: 11
Registers (23): 4/pi=1.273240  5/pi=1.591549  6/pi=1.909859  7/pi=2.228169  8/pi=2.546479  9/pi=2.864789  10/pi=3.183099  11/pi=3.501409  12/pi=3.819719  13/pi=4.138029  14/pi=4.456338  15/pi=4.774648  16/pi=5.092958  17/pi=5.411268  18/pi=5.729578  19/pi=6.047888  20/pi=6.366198  21/pi=6.684508  22/pi=7.002817  23/pi=7.321127  24/pi=7.639437  25/pi=7.957747  26/pi=8.276057

Loading unified master...

Found 1 domain slots:
  ligo_coherence_noise_control n=    71  mean=5.1185  range=[4.8952, 5.2957]

Building null lakes...

[ligo_coherence_noise_control]  n=71
  4/pi: real=0.0845  chaos=0.1268  synth=0.0845  delta=-0.0423
  5/pi: real=0.0986  chaos=0.1268  synth=0.0704  delta=-0.0282
  6/pi: real=0.0563  chaos=0.1127  synth=0.0986  delta=-0.0563
  7/pi: real=0.1127  chaos=0.0423  synth=0.1127  delta=+0.0704 ** above chaos **
  8/pi: real=0.0423  chaos=0.0986  synth=0.1268  delta=-0.0563
  9/pi: real=0.0845  chaos=0.0704  synth=0.0563  delta=+0.0141 ** above chaos **
  10/pi: real=0.1408  chaos=0.1549  synth=0.0423  delta=-0.0141
  11/pi: real=0.1268  chaos=0.0845  synth=0.0704  delta=+0.0423 ** above chaos **
  12/pi: real=0.0986  chaos=0.0986  synth=0.1408  delta=+0.0000
  13/pi: real=0.1268  chaos=0.1127  synth=0.0845  delta=+0.0141 ** above chaos **
  14/pi: real=0.0845  chaos=0.0845  synth=0.0845  delta=+0.0000
  15/pi: real=0.1127  chaos=0.1408  synth=0.0986  delta=-0.0282
  16/pi: real=0.0845  chaos=0.0141  synth=0.1127  delta=+0.0704 ** above chaos **
  17/pi: real=0.1408  chaos=0.1127  synth=0.0986  delta=+0.0282 ** above chaos **
  18/pi: real=0.0986  chaos=0.1127  synth=0.0704  delta=-0.0141
  19/pi: real=0.0986  chaos=0.1127  synth=0.0845  delta=-0.0141
  20/pi: real=0.0986  chaos=0.0845  synth=0.0704  delta=+0.0141 ** above chaos **
  21/pi: real=0.0845  chaos=0.1268  synth=0.0845  delta=-0.0423
  22/pi: real=0.1127  chaos=0.0845  synth=0.0563  delta=+0.0282 ** above chaos **
  23/pi: real=0.0986  chaos=0.0704  synth=0.0704  delta=+0.0282 ** above chaos **
  24/pi: real=0.1268  chaos=0.0141  synth=0.1408  delta=+0.1127 ** above chaos **
  25/pi: real=0.0704  chaos=0.1831  synth=0.0704  delta=-0.1127
  26/pi: real=0.1268  chaos=0.0986  synth=0.0986  delta=+0.0282 ** above chaos **
  -> chaos_null_ligo_coherence_noise_control.jsonl
  -> scramble_null_ligo_coherence_noise_control.jsonl
  -> synthetic_null_ligo_coherence_noise_control.jsonl

All null lakes written to: C:\Users\timot\Downloads\Science\src\KishLattice Star\lakes\synthetic

Next steps:
  1. python engine/build_pinch_table.py

[2026-06-20 17:46:59 UTC] STAGE COMPLETE: chaos in 0s

============================================================
[2026-06-20 17:46:59 UTC] STAGE: PINCH
Compute z-scores and cross-domain pinch table
============================================================
[harmonic_targets.json] Loaded 23 registers (N=4 to N=26), container=24, threshold=0.05

============================================================
  [MONITORING TIP] Open a new terminal and run:
  python engine/sidecar.py
  to view the live parallel crunching dashboard.
============================================================

Loading unified master: C:\Users\timot\Downloads\Science\src\KishLattice Star\lakes\unified\unified_master.jsonl
  Loading records into memory. Please wait...

  Finished loading 74 total records.
  Compressing to 32-bit Numpy Arrays for Memory-Safe IPC...

Building pinch table in PARALLEL mode...

  Loading Chaos Nulls into memory...
  Finished loading Chaos Nulls.
  Loading Synthetic Nulls into memory...
  Finished loading Synthetic Nulls.
Total Combinations: 0 | Remaining: 0

Saved: C:\Users\timot\Downloads\Science\src\KishLattice Star\lakes\unified\pinch_table_cross_domain.json

===================================================================================================================
                                              CROSS-DOMAIN PINCH TABLE                                             
Moduli: 4/pi=1.2732  5/pi=1.5915  6/pi=1.9099  7/pi=2.2282  8/pi=2.5465  9/pi=2.8648  10/pi=3.1831  11/pi=3.5014  12/pi=3.8197  13/pi=4.1380  14/pi=4.4563  15/pi=4.7746  16/pi=5.0930  17/pi=5.4113  18/pi=5.7296  19/pi=6.0479  20/pi=6.3662  21/pi=6.6845  22/pi=7.0028  23/pi=7.3211  24/pi=7.6394  25/pi=7.9577  26/pi=8.2761
                                  dist_lock (1=perfect) | Winner + best chaos_delta per pairing                                   
===================================================================================================================
Domain                      ligo_coherence_noise_control    
------------------------------------------------------------
ligo_coherence_noise_control                 -                  

--- WINNER PER PAIRING ---

--- PER-DOMAIN DUAL Z-SCORES (Chaos | Synthetic) ---
  Domain                           4/pi       5/pi       6/pi       7/pi       8/pi       9/pi      10/pi      11/pi      12/pi      13/pi      14/pi      15/pi      16/pi      17/pi      18/pi      19/pi      20/pi      21/pi      22/pi      23/pi      24/pi      25/pi      26/pi   Best   Interpretation
  -------------------------- ---------- ---------- ---------- ---------- ---------- ---------- ---------- ---------- ---------- ---------- ---------- ---------- ---------- ---------- ---------- ---------- ---------- ---------- ---------- ---------- ---------- ---------- ----------  ------  --------------------
     1  ligo_coherence_noise_control           71  computing...  ETA: estimating...
     1  ligo_coherence_noise_control       71 | -0.2|-0.2 -0.1|0.3  -1.5|-1.3 -0.0|-0.6 -1.3|-1.2 -0.6|-0.7  1.1|1.8   0.4|0.9  -0.6|0.1   1.3|0.9  -0.2|-0.2  0.4|0.3   1.0|-1.0  0.8|1.1  -0.5|0.2  -0.1|-0.9  0.6|-0.7 -0.7|-1.1 -0.9|0.6   0.7|-0.2  1.7|0.2  -0.9|-0.8  1.5|0.5   24/pi   moderate

  Z-score stage complete: 0s total  | avg 0.02s per domain  | 0.0s wall time

  [z_scores_master.json written -> C:\Users\timot\Downloads\Science\src\KishLattice Star\lakes\unified\z_scores_master.json]

[2026-06-20 17:46:59 UTC] STAGE COMPLETE: pinch in 0s

============================================================
[2026-06-20 17:46:59 UTC] STAGE: FIGURES
Run report plugins and generate analysis figures
============================================================

[2026-06-20 17:46:59 UTC] FIGURES: Auto-discovering report plugins
  Reports directory: C:\Users\timot\Downloads\Science\src\KishLattice Star\reports

  [INFO] No report plugins found in C:\Users\timot\Downloads\Science\src\KishLattice Star\reports
         Create reports/report_XX_myname.py to add a plugin.

[2026-06-20 17:46:59 UTC] STAGE COMPLETE: figures in 0s

============================================================
[2026-06-20 17:46:59 UTC] PIPELINE COMPLETE
  Total runtime: 0s
  Log file:      lakes\logs\run_20260620_174648.log

  Stage summary:
    [OK]   scalarize    0s
    [OK]   unify        0s
    [OK]   chaos        0s
    [OK]   pinch        0s
    [OK]   figures      0s

  unified_master MD5: 620b9c5a7796fff1be4d9d6750d02b82
  Checksum file:      lakes\unified\unified_master.jsonl.md5

  Engine fingerprint: 7ec3f687e97dbc53157f487b8d3c8028c78cb29cd07bf67abd2b4a5260366c03
                      d5d1612f9caf57d6b0c21459cc7e1a582bf8bbb130a32607dec51771d0db3734
                      357166e3dff34ccfa27065ff6a20e4ded750d9b4f634dbfb76a9d1e29315a8dc
============================================================
