KishLattice Pipeline Run Log
============================================================
run_timestamp:   20260614_220818
vol_root:        C:\Users\timot\Downloads\Science\src\KishLattice Star
engine_version:  7ec3f687e97dbc53157f487b8d3c8028c78cb29cd07bf67abd2b4a5260366c03d5d1612f9caf57d6b0c21459cc7e1a582bf8bbb130a32607dec51771d0db373477dbb7cfd9c0d829f7262a19a7ffe3ea8caf4329bd8303c740a920df932f4bb2
stages:          scalarize, unify, chaos, pinch, figures
started_utc:     2026-06-14 22:08:28 UTC
============================================================


============================================================
[2026-06-14 22:08:28 UTC] STAGE: SCALARIZE
Transform promoted lakes into scalar space
============================================================
[scalarize.json] Loaded config for 2 domains.

============================================================
  [MONITORING TIP] Open a new terminal and run:
  python engine/sidecar.py
  to view the live byte-streaming progress dashboard.
============================================================

Scalarizing l3_frb_structural: l3_frb_structural_promoted.jsonl -> l3_frb_structural_scalarized.jsonl (mode=geometry)
Scalarizing l4_frb_kinematic: l4_frb_kinematic_promoted.jsonl -> l4_frb_kinematic_scalarized.jsonl (mode=geometry)

[2026-06-14 22:08:28 UTC] STAGE COMPLETE: scalarize in 0s

============================================================
[2026-06-14 22:08:28 UTC] STAGE: UNIFY
Stream all scalarized lakes into unified master
============================================================
C:\Users\timot\Downloads\Science\src\KishLattice Star\engine\unify.py:94: DeprecationWarning: datetime.datetime.utcnow() is deprecated and scheduled for removal in a future version. Use timezone-aware objects to represent datetimes in UTC: datetime.datetime.now(datetime.UTC).
  start_time = datetime.utcnow().strftime('%Y-%m-%d %H:%M:%S UTC')
C:\Users\timot\Downloads\Science\src\KishLattice Star\engine\unify.py:179: DeprecationWarning: datetime.datetime.utcnow() is deprecated and scheduled for removal in a future version. Use timezone-aware objects to represent datetimes in UTC: datetime.datetime.now(datetime.UTC).
  end_time = datetime.utcnow().strftime('%Y-%m-%d %H:%M:%S UTC')

============================================================
  [MONITORING TIP] Open a new terminal and run:
  python engine/sidecar.py
  to view the live unified streaming dashboard.
============================================================

Volumes: 2 total, 2 enabled, 0 disabled

[2026-06-14 22:08:28 UTC] Pipeline run started.

  [l3_frb_structural] domain=frb_structural  n=5,045  nonzero=5,045
  [l4_frb_kinematic] domain=frb_kinematic  n=403  nonzero=403

[2026-06-14 22:08:28 UTC] Run complete.
  Total runtime:   0h 0m 0s
  Total records:   5,448
  Lakes processed: 2
  Throughput:      74,419 records/sec (average)
  Master checksum: 45366427ee2bcbd181e6174d2a8e59b9
  Checksum saved:  C:\Users\timot\Downloads\Science\src\KishLattice Star\lakes\unified\unified_master.jsonl.md5

Unified master written: C:\Users\timot\Downloads\Science\src\KishLattice Star\lakes\unified\unified_master.jsonl
Sweep results written:  C:\Users\timot\Downloads\Science\src\KishLattice Star\lakes\unified\sweep_results.json
Pinch table written:    C:\Users\timot\Downloads\Science\src\KishLattice Star\lakes\unified\pinch_table.json

Domain summary:
  Domain                          n    nonzero     mean range
  -----------------------------------------------------------------
  frb_kinematic                 403        403   4.1855 [0.0618, 6.9825]
  frb_structural              5,045      5,045   3.8096 [2.1975, 5.5849]

[2026-06-14 22:08:28 UTC] STAGE COMPLETE: unify in 0s

[2026-06-14 22:08:28 UTC] CHECKSUM: computing MD5 of unified_master.jsonl
  Checksum:      35891af8bf6fc87b8badc559d38ca8f9
  Bytes:         2,199,433
  Computed in:   0s
  Written to:    lakes\unified\unified_master.jsonl.md5

============================================================
[2026-06-14 22:08:28 UTC] STAGE: CHAOS
Build chaos null distributions per domain
============================================================
[harmonic_targets.json] Loaded 23 registers (N=4 to N=26), container=24, threshold=0.05

============================================================
  [MONITORING TIP] Open a new terminal and run:
  python engine/sidecar.py
  to view the live null generation dashboard.
============================================================

NOTE: This job builds null distributions for all domains.
      Runtime: Dependent on lake sizes. Do not interrupt.

k_geo = 16/pi = 5.0929581789
Volume number: 11
Registers (23): 4/pi=1.273240  5/pi=1.591549  6/pi=1.909859  7/pi=2.228169  8/pi=2.546479  9/pi=2.864789  10/pi=3.183099  11/pi=3.501409  12/pi=3.819719  13/pi=4.138029  14/pi=4.456338  15/pi=4.774648  16/pi=5.092958  17/pi=5.411268  18/pi=5.729578  19/pi=6.047888  20/pi=6.366198  21/pi=6.684508  22/pi=7.002817  23/pi=7.321127  24/pi=7.639437  25/pi=7.957747  26/pi=8.276057

Loading unified master...

Found 2 domain slots:
  frb_kinematic                n=   403  mean=4.1855  range=[0.0618, 6.9825]
  frb_structural               n=  5045  mean=3.8096  range=[2.1975, 5.5849]

Building null lakes...

[frb_kinematic]  n=403
  4/pi: real=0.0596  chaos=0.0993  synth=0.0943  delta=-0.0397
  5/pi: real=0.0819  chaos=0.1092  synth=0.1315  delta=-0.0273
  6/pi: real=0.0720  chaos=0.0893  synth=0.0596  delta=-0.0174
  7/pi: real=0.0670  chaos=0.1141  synth=0.0868  delta=-0.0471
  8/pi: real=0.0695  chaos=0.0893  synth=0.0993  delta=-0.0199
  9/pi: real=0.0546  chaos=0.1141  synth=0.0744  delta=-0.0596
  10/pi: real=0.0893  chaos=0.0893  synth=0.0993  delta=+0.0000
  11/pi: real=0.0670  chaos=0.1092  synth=0.0968  delta=-0.0422
  12/pi: real=0.0993  chaos=0.0893  synth=0.0819  delta=+0.0099 ** above chaos **
  13/pi: real=0.0794  chaos=0.1042  synth=0.0918  delta=-0.0248
  14/pi: real=0.0596  chaos=0.1117  synth=0.0918  delta=-0.0521
  15/pi: real=0.0844  chaos=0.1266  synth=0.0769  delta=-0.0422
  16/pi: real=0.0596  chaos=0.0670  synth=0.0943  delta=-0.0074
  17/pi: real=0.2407  chaos=0.1117  synth=0.1787  delta=+0.1290 ** above chaos **
  18/pi: real=0.0769  chaos=0.0993  synth=0.0496  delta=-0.0223
  19/pi: real=0.0769  chaos=0.0893  synth=0.0769  delta=-0.0124
  20/pi: real=0.0571  chaos=0.0819  synth=0.1141  delta=-0.0248
  21/pi: real=0.1613  chaos=0.1141  synth=0.0893  delta=+0.0471 ** above chaos **
  22/pi: real=0.0596  chaos=0.0744  synth=0.0918  delta=-0.0149
  23/pi: real=0.0769  chaos=0.0819  synth=0.0893  delta=-0.0050
  24/pi: real=0.0720  chaos=0.1017  synth=0.0744  delta=-0.0298
  25/pi: real=0.2878  chaos=0.0993  synth=0.0744  delta=+0.1886 ** above chaos **
  26/pi: real=0.0868  chaos=0.0893  synth=0.1042  delta=-0.0025
  -> chaos_null_frb_kinematic.jsonl
  -> scramble_null_frb_kinematic.jsonl
  -> synthetic_null_frb_kinematic.jsonl

[frb_structural]  n=5045
  4/pi: real=0.0749  chaos=0.1062  synth=0.0926  delta=-0.0313
  5/pi: real=0.1399  chaos=0.0961  synth=0.0922  delta=+0.0438 ** above chaos **
  6/pi: real=0.0811  chaos=0.1007  synth=0.1007  delta=-0.0196
  7/pi: real=0.0882  chaos=0.1070  synth=0.1043  delta=-0.0188
  8/pi: real=0.0850  chaos=0.0999  synth=0.1053  delta=-0.0149
  9/pi: real=0.0912  chaos=0.0951  synth=0.1009  delta=-0.0040
  10/pi: real=0.1485  chaos=0.1031  synth=0.0949  delta=+0.0454 ** above chaos **
  11/pi: real=0.0817  chaos=0.0926  synth=0.1003  delta=-0.0109
  12/pi: real=0.0888  chaos=0.0985  synth=0.0997  delta=-0.0097
  13/pi: real=0.0886  chaos=0.0985  synth=0.1039  delta=-0.0099
  14/pi: real=0.0894  chaos=0.1013  synth=0.1056  delta=-0.0119
  15/pi: real=0.0785  chaos=0.0985  synth=0.1060  delta=-0.0200
  16/pi: real=0.1132  chaos=0.1001  synth=0.1047  delta=+0.0131 ** above chaos **
  17/pi: real=0.1132  chaos=0.1009  synth=0.1007  delta=+0.0123 ** above chaos **
  18/pi: real=0.0840  chaos=0.0892  synth=0.0997  delta=-0.0052
  19/pi: real=0.0785  chaos=0.1017  synth=0.1041  delta=-0.0232
  20/pi: real=0.0829  chaos=0.1047  synth=0.1007  delta=-0.0218
  21/pi: real=0.1045  chaos=0.1066  synth=0.1041  delta=-0.0022
  22/pi: real=0.0926  chaos=0.0997  synth=0.1045  delta=-0.0071
  23/pi: real=0.0819  chaos=0.0983  synth=0.0985  delta=-0.0165
  24/pi: real=0.1003  chaos=0.1066  synth=0.1009  delta=-0.0063
  25/pi: real=0.1849  chaos=0.1011  synth=0.0945  delta=+0.0838 ** above chaos **
  26/pi: real=0.0834  chaos=0.1035  synth=0.1043  delta=-0.0200
  -> chaos_null_frb_structural.jsonl
  -> scramble_null_frb_structural.jsonl
  -> synthetic_null_frb_structural.jsonl

All null lakes written to: C:\Users\timot\Downloads\Science\src\KishLattice Star\lakes\synthetic

Next steps:
  1. python engine/build_pinch_table.py

[2026-06-14 22:08:29 UTC] STAGE COMPLETE: chaos in 0s

============================================================
[2026-06-14 22:08:29 UTC] STAGE: PINCH
Compute z-scores and cross-domain pinch table
============================================================
[harmonic_targets.json] Loaded 23 registers (N=4 to N=26), container=24, threshold=0.05

============================================================
  [MONITORING TIP] Open a new terminal and run:
  python engine/sidecar.py
  to view the live parallel crunching dashboard.
============================================================

Loading unified master: C:\Users\timot\Downloads\Science\src\KishLattice Star\lakes\unified\unified_master.jsonl
  Loading records into memory. Please wait...

  Finished loading 5,448 total records.
  Compressing to 32-bit Numpy Arrays for Memory-Safe IPC...

Building pinch table in PARALLEL mode...

  Loading Chaos Nulls into memory...
  Finished loading Chaos Nulls.
  Loading Synthetic Nulls into memory...
  Finished loading Synthetic Nulls.
Total Combinations: 46 | Remaining: 46

Saved: C:\Users\timot\Downloads\Science\src\KishLattice Star\lakes\unified\pinch_table_cross_domain.json

===================================================================================================================
                                              CROSS-DOMAIN PINCH TABLE                                             
Moduli: 4/pi=1.2732  5/pi=1.5915  6/pi=1.9099  7/pi=2.2282  8/pi=2.5465  9/pi=2.8648  10/pi=3.1831  11/pi=3.5014  12/pi=3.8197  13/pi=4.1380  14/pi=4.4563  15/pi=4.7746  16/pi=5.0930  17/pi=5.4113  18/pi=5.7296  19/pi=6.0479  20/pi=6.3662  21/pi=6.6845  22/pi=7.0028  23/pi=7.3211  24/pi=7.6394  25/pi=7.9577  26/pi=8.2761
                                  dist_lock (1=perfect) | Winner + best chaos_delta per pairing                                   
===================================================================================================================
Domain                             frb_kinematic                       frb_structural           
------------------------------------------------------------------------------------------------
frb_kinematic                            -                      (0.939,0.964,0.972) d+0.024     
frb_structural              (0.939,0.964,0.972) d+0.005                      -                  

--- WINNER PER PAIRING ---
  frb_kinematic x frb_structural: 6/pi  score=0.9723  chaos_delta=+0.0085

--- PER-DOMAIN DUAL Z-SCORES (Chaos | Synthetic) ---
  Domain                           4/pi       5/pi       6/pi       7/pi       8/pi       9/pi      10/pi      11/pi      12/pi      13/pi      14/pi      15/pi      16/pi      17/pi      18/pi      19/pi      20/pi      21/pi      22/pi      23/pi      24/pi      25/pi      26/pi   Best   Interpretation
  -------------------------- ---------- ---------- ---------- ---------- ---------- ---------- ---------- ---------- ---------- ---------- ---------- ---------- ---------- ---------- ---------- ---------- ---------- ---------- ---------- ---------- ---------- ---------- ----------  ------  --------------------
     1  frb_kinematic                         403  computing...  ETA: estimating...
     1  frb_kinematic               403 | -2.6|-1.8 -1.3|-0.5 -2.3|-1.3 -2.3|-1.7 -2.2|-1.3 -3.3|-2.3 -0.6|-0.1 -2.3|-1.3  0.1|1.0  -1.3|-0.8 -2.4|-2.1 -1.0|-0.3 -2.7|-1.8  8.8|3.5  -1.4|-0.9 -1.2|-0.8 -3.1|-2.1  4.1|5.6  -2.4|-2.0 -1.4|-1.0 -1.8|-1.1 12.9|14.1 -0.8|-0.2  25/pi   STRONG signal
     2  frb_structural                      5,045  computing...  ETA: 0s
     2  frb_structural            5,045 | -6.3|-5.9 10.1|9.3  -4.6|-4.1 -3.1|-2.9 -4.0|-3.6 -1.6|-2.3 10.7|12.5 -4.1|-4.3 -3.2|-2.6 -3.2|-2.6 -3.6|-3.0 -4.9|-5.8  3.1|3.3   3.6|3.4  -3.1|-3.5 -6.3|-6.0 -4.4|-4.2 -0.5|0.9  -2.5|-1.8 -4.3|-4.0 -0.8|0.2  21.2|20.3 -4.5|-4.7  25/pi   STRONG signal

  Z-score stage complete: 0s total  | avg 0.18s per domain  | 0.4s wall time

  [z_scores_master.json written -> C:\Users\timot\Downloads\Science\src\KishLattice Star\lakes\unified\z_scores_master.json]

[2026-06-14 22:08:30 UTC] STAGE COMPLETE: pinch in 1s

============================================================
[2026-06-14 22:08:30 UTC] STAGE: FIGURES
Run report plugins and generate analysis figures
============================================================

[2026-06-14 22:08:30 UTC] FIGURES: Auto-discovering report plugins
  Reports directory: C:\Users\timot\Downloads\Science\src\KishLattice Star\reports

  [INFO] No report plugins found in C:\Users\timot\Downloads\Science\src\KishLattice Star\reports
         Create reports/report_XX_myname.py to add a plugin.

[2026-06-14 22:08:30 UTC] STAGE COMPLETE: figures in 0s

============================================================
[2026-06-14 22:08:30 UTC] PIPELINE COMPLETE
  Total runtime: 1s
  Log file:      lakes\logs\run_20260614_220818.log

  Stage summary:
    [OK]   scalarize    0s
    [OK]   unify        0s
    [OK]   chaos        0s
    [OK]   pinch        1s
    [OK]   figures      0s

  unified_master MD5: 35891af8bf6fc87b8badc559d38ca8f9
  Checksum file:      lakes\unified\unified_master.jsonl.md5

  Engine fingerprint: 7ec3f687e97dbc53157f487b8d3c8028c78cb29cd07bf67abd2b4a5260366c03
                      d5d1612f9caf57d6b0c21459cc7e1a582bf8bbb130a32607dec51771d0db3734
                      77dbb7cfd9c0d829f7262a19a7ffe3ea8caf4329bd8303c740a920df932f4bb2
============================================================
