KishLattice Pipeline Run Log
============================================================
run_timestamp:   20260614_212840
vol_root:        C:\Users\timot\Downloads\Science\src\KishLattice Star
engine_version:  7ec3f687e97dbc53157f487b8d3c8028c78cb29cd07bf67abd2b4a5260366c03d5d1612f9caf57d6b0c21459cc7e1a582bf8bbb130a32607dec51771d0db373477dbb7cfd9c0d829f7262a19a7ffe3ea8caf4329bd8303c740a920df932f4bb2
stages:          scalarize, unify, chaos, pinch, figures
started_utc:     2026-06-14 21:28:50 UTC
============================================================


============================================================
[2026-06-14 21:28:50 UTC] STAGE: SCALARIZE
Transform promoted lakes into scalar space
============================================================
[scalarize.json] Loaded config for 2 domains.

============================================================
  [MONITORING TIP] Open a new terminal and run:
  python engine/sidecar.py
  to view the live byte-streaming progress dashboard.
============================================================

Scalarizing l3_frb_structural: l3_frb_structural_promoted.jsonl -> l3_frb_structural_scalarized.jsonl (mode=geometry)
Scalarizing l4_frb_kinematic: l4_frb_kinematic_promoted.jsonl -> l4_frb_kinematic_scalarized.jsonl (mode=geometry)

[2026-06-14 21:28:50 UTC] STAGE COMPLETE: scalarize in 0s

============================================================
[2026-06-14 21:28:50 UTC] STAGE: UNIFY
Stream all scalarized lakes into unified master
============================================================
C:\Users\timot\Downloads\Science\src\KishLattice Star\engine\unify.py:94: DeprecationWarning: datetime.datetime.utcnow() is deprecated and scheduled for removal in a future version. Use timezone-aware objects to represent datetimes in UTC: datetime.datetime.now(datetime.UTC).
  start_time = datetime.utcnow().strftime('%Y-%m-%d %H:%M:%S UTC')
C:\Users\timot\Downloads\Science\src\KishLattice Star\engine\unify.py:179: DeprecationWarning: datetime.datetime.utcnow() is deprecated and scheduled for removal in a future version. Use timezone-aware objects to represent datetimes in UTC: datetime.datetime.now(datetime.UTC).
  end_time = datetime.utcnow().strftime('%Y-%m-%d %H:%M:%S UTC')

============================================================
  [MONITORING TIP] Open a new terminal and run:
  python engine/sidecar.py
  to view the live unified streaming dashboard.
============================================================

Volumes: 2 total, 2 enabled, 0 disabled

[2026-06-14 21:28:50 UTC] Pipeline run started.

  [l3_frb_structural] domain=frb_structural  n=5,045  nonzero=5,045
  [l4_frb_kinematic] domain=frb_kinematic  n=900  nonzero=900

[2026-06-14 21:28:50 UTC] Run complete.
  Total runtime:   0h 0m 0s
  Total records:   5,945
  Lakes processed: 2
  Throughput:      81,151 records/sec (average)
  Master checksum: 815b6af2e929a4d0985b406660e968c8
  Checksum saved:  C:\Users\timot\Downloads\Science\src\KishLattice Star\lakes\unified\unified_master.jsonl.md5

Unified master written: C:\Users\timot\Downloads\Science\src\KishLattice Star\lakes\unified\unified_master.jsonl
Sweep results written:  C:\Users\timot\Downloads\Science\src\KishLattice Star\lakes\unified\sweep_results.json
Pinch table written:    C:\Users\timot\Downloads\Science\src\KishLattice Star\lakes\unified\pinch_table.json

Domain summary:
  Domain                          n    nonzero     mean range
  -----------------------------------------------------------------
  frb_kinematic                 900        900   6.8555 [0.0618, 11.3425]
  frb_structural              5,045      5,045   3.8096 [2.1975, 5.5849]

[2026-06-14 21:28:50 UTC] STAGE COMPLETE: unify in 0s

[2026-06-14 21:28:50 UTC] CHECKSUM: computing MD5 of unified_master.jsonl
  Checksum:      2b6cd59426d7288294f9c6cffda4e309
  Bytes:         2,412,215
  Computed in:   0s
  Written to:    lakes\unified\unified_master.jsonl.md5

============================================================
[2026-06-14 21:28:50 UTC] STAGE: CHAOS
Build chaos null distributions per domain
============================================================
[harmonic_targets.json] Loaded 23 registers (N=4 to N=26), container=24, threshold=0.05

============================================================
  [MONITORING TIP] Open a new terminal and run:
  python engine/sidecar.py
  to view the live null generation dashboard.
============================================================

NOTE: This job builds null distributions for all domains.
      Runtime: Dependent on lake sizes. Do not interrupt.

k_geo = 16/pi = 5.0929581789
Volume number: 11
Registers (23): 4/pi=1.273240  5/pi=1.591549  6/pi=1.909859  7/pi=2.228169  8/pi=2.546479  9/pi=2.864789  10/pi=3.183099  11/pi=3.501409  12/pi=3.819719  13/pi=4.138029  14/pi=4.456338  15/pi=4.774648  16/pi=5.092958  17/pi=5.411268  18/pi=5.729578  19/pi=6.047888  20/pi=6.366198  21/pi=6.684508  22/pi=7.002817  23/pi=7.321127  24/pi=7.639437  25/pi=7.957747  26/pi=8.276057

Loading unified master...

Found 2 domain slots:
  frb_kinematic                n=   900  mean=6.8555  range=[0.0618, 11.3425]
  frb_structural               n=  5045  mean=3.8096  range=[2.1975, 5.5849]

Building null lakes...

[frb_kinematic]  n=900
  4/pi: real=0.0744  chaos=0.1067  synth=0.0889  delta=-0.0322
  5/pi: real=0.0856  chaos=0.1067  synth=0.1811  delta=-0.0211
  6/pi: real=0.0767  chaos=0.1033  synth=0.0822  delta=-0.0267
  7/pi: real=0.0700  chaos=0.1033  synth=0.0967  delta=-0.0333
  8/pi: real=0.0756  chaos=0.1167  synth=0.0922  delta=-0.0411
  9/pi: real=0.0867  chaos=0.0956  synth=0.1533  delta=-0.0089
  10/pi: real=0.0733  chaos=0.0956  synth=0.1111  delta=-0.0222
  11/pi: real=0.0756  chaos=0.1089  synth=0.0911  delta=-0.0333
  12/pi: real=0.1044  chaos=0.0911  synth=0.0956  delta=+0.0133 ** above chaos **
  13/pi: real=0.0956  chaos=0.1156  synth=0.0722  delta=-0.0200
  14/pi: real=0.0789  chaos=0.1022  synth=0.0956  delta=-0.0233
  15/pi: real=0.0744  chaos=0.0900  synth=0.1756  delta=-0.0156
  16/pi: real=0.0633  chaos=0.1044  synth=0.1011  delta=-0.0411
  17/pi: real=0.1856  chaos=0.1000  synth=0.1111  delta=+0.0856 ** above chaos **
  18/pi: real=0.1244  chaos=0.1033  synth=0.0944  delta=+0.0211 ** above chaos **
  19/pi: real=0.0678  chaos=0.0867  synth=0.1556  delta=-0.0189
  20/pi: real=0.0711  chaos=0.0856  synth=0.1000  delta=-0.0144
  21/pi: real=0.1200  chaos=0.0989  synth=0.0989  delta=+0.0211 ** above chaos **
  22/pi: real=0.0789  chaos=0.1089  synth=0.0944  delta=-0.0300
  23/pi: real=0.0744  chaos=0.1144  synth=0.0922  delta=-0.0400
  24/pi: real=0.0922  chaos=0.0944  synth=0.1000  delta=-0.0022
  25/pi: real=0.1667  chaos=0.1022  synth=0.0967  delta=+0.0644 ** above chaos **
  26/pi: real=0.0622  chaos=0.1178  synth=0.0867  delta=-0.0556
  -> chaos_null_frb_kinematic.jsonl
  -> scramble_null_frb_kinematic.jsonl
  -> synthetic_null_frb_kinematic.jsonl

[frb_structural]  n=5045
  4/pi: real=0.0749  chaos=0.1041  synth=0.0932  delta=-0.0291
  5/pi: real=0.1399  chaos=0.0944  synth=0.0906  delta=+0.0456 ** above chaos **
  6/pi: real=0.0811  chaos=0.0997  synth=0.1035  delta=-0.0186
  7/pi: real=0.0882  chaos=0.1053  synth=0.1037  delta=-0.0170
  8/pi: real=0.0850  chaos=0.0973  synth=0.1033  delta=-0.0123
  9/pi: real=0.0912  chaos=0.0963  synth=0.1027  delta=-0.0052
  10/pi: real=0.1485  chaos=0.1029  synth=0.0971  delta=+0.0456 ** above chaos **
  11/pi: real=0.0817  chaos=0.0938  synth=0.0967  delta=-0.0121
  12/pi: real=0.0888  chaos=0.0971  synth=0.1055  delta=-0.0083
  13/pi: real=0.0886  chaos=0.0991  synth=0.1037  delta=-0.0105
  14/pi: real=0.0894  chaos=0.0999  synth=0.1051  delta=-0.0105
  15/pi: real=0.0785  chaos=0.0993  synth=0.1047  delta=-0.0208
  16/pi: real=0.1132  chaos=0.1015  synth=0.1023  delta=+0.0117 ** above chaos **
  17/pi: real=0.1132  chaos=0.0997  synth=0.0981  delta=+0.0135 ** above chaos **
  18/pi: real=0.0840  chaos=0.0906  synth=0.1013  delta=-0.0065
  19/pi: real=0.0785  chaos=0.1066  synth=0.1019  delta=-0.0281
  20/pi: real=0.0829  chaos=0.1072  synth=0.0997  delta=-0.0244
  21/pi: real=0.1045  chaos=0.1023  synth=0.1027  delta=+0.0022
  22/pi: real=0.0926  chaos=0.0983  synth=0.1029  delta=-0.0057
  23/pi: real=0.0819  chaos=0.0975  synth=0.1007  delta=-0.0157
  24/pi: real=0.1003  chaos=0.1045  synth=0.1015  delta=-0.0042
  25/pi: real=0.1849  chaos=0.0991  synth=0.0955  delta=+0.0858 ** above chaos **
  26/pi: real=0.0834  chaos=0.1043  synth=0.1019  delta=-0.0208
  -> chaos_null_frb_structural.jsonl
  -> scramble_null_frb_structural.jsonl
  -> synthetic_null_frb_structural.jsonl

All null lakes written to: C:\Users\timot\Downloads\Science\src\KishLattice Star\lakes\synthetic

Next steps:
  1. python engine/build_pinch_table.py

[2026-06-14 21:28:50 UTC] STAGE COMPLETE: chaos in 0s

============================================================
[2026-06-14 21:28:50 UTC] STAGE: PINCH
Compute z-scores and cross-domain pinch table
============================================================
[harmonic_targets.json] Loaded 23 registers (N=4 to N=26), container=24, threshold=0.05

============================================================
  [MONITORING TIP] Open a new terminal and run:
  python engine/sidecar.py
  to view the live parallel crunching dashboard.
============================================================

Loading unified master: C:\Users\timot\Downloads\Science\src\KishLattice Star\lakes\unified\unified_master.jsonl
  Loading records into memory. Please wait...

  Finished loading 5,945 total records.
  Compressing to 32-bit Numpy Arrays for Memory-Safe IPC...

Building pinch table in PARALLEL mode...

  Loading Chaos Nulls into memory...
  Finished loading Chaos Nulls.
  Loading Synthetic Nulls into memory...
  Finished loading Synthetic Nulls.
Total Combinations: 46 | Remaining: 46

Saved: C:\Users\timot\Downloads\Science\src\KishLattice Star\lakes\unified\pinch_table_cross_domain.json

===================================================================================================================
                                              CROSS-DOMAIN PINCH TABLE                                             
Moduli: 4/pi=1.2732  5/pi=1.5915  6/pi=1.9099  7/pi=2.2282  8/pi=2.5465  9/pi=2.8648  10/pi=3.1831  11/pi=3.5014  12/pi=3.8197  13/pi=4.1380  14/pi=4.4563  15/pi=4.7746  16/pi=5.0930  17/pi=5.4113  18/pi=5.7296  19/pi=6.0479  20/pi=6.3662  21/pi=6.6845  22/pi=7.0028  23/pi=7.3211  24/pi=7.6394  25/pi=7.9577  26/pi=8.2761
                                  dist_lock (1=perfect) | Winner + best chaos_delta per pairing                                   
===================================================================================================================
Domain                             frb_kinematic                       frb_structural           
------------------------------------------------------------------------------------------------
frb_kinematic                            -                      (0.970,0.969,0.986) d+0.019     
frb_structural              (0.970,0.969,0.986) d+0.018                      -                  

--- WINNER PER PAIRING ---
  frb_kinematic x frb_structural: 7/pi  score=0.9867  chaos_delta=+0.0052

--- PER-DOMAIN DUAL Z-SCORES (Chaos | Synthetic) ---
  Domain                           4/pi       5/pi       6/pi       7/pi       8/pi       9/pi      10/pi      11/pi      12/pi      13/pi      14/pi      15/pi      16/pi      17/pi      18/pi      19/pi      20/pi      21/pi      22/pi      23/pi      24/pi      25/pi      26/pi   Best   Interpretation
  -------------------------- ---------- ---------- ---------- ---------- ---------- ---------- ---------- ---------- ---------- ---------- ---------- ---------- ---------- ---------- ---------- ---------- ---------- ---------- ---------- ---------- ---------- ---------- ----------  ------  --------------------
     1  frb_kinematic                         900  computing...  ETA: estimating...
     1  frb_kinematic               900 | -2.7|-1.9 -1.5|-5.6 -2.5|-1.9 -3.0|-2.2 -2.5|-1.8 -1.3|-5.7 -3.0|-1.8 -2.3|-1.5  0.3|1.2  -0.4|0.3  -2.2|-1.6 -2.8|-6.5 -3.6|-3.1  7.9|10.3  2.5|3.0  -3.4|-7.2 -2.4|-2.1  1.9|2.7  -2.0|-1.6 -2.8|-1.9 -0.5|0.0   6.7|7.0  -3.9|-3.0  17/pi   STRONG signal
     2  frb_structural                      5,045  computing...  ETA: 0s
     2  frb_structural            5,045 | -5.5|-5.4  9.7|9.4  -4.4|-4.5 -2.7|-3.1 -3.6|-3.3 -1.7|-1.9 11.9|12.1 -4.1|-3.9 -3.4|-2.9 -2.7|-2.8 -3.6|-2.3 -5.1|-5.8  2.7|3.6   3.1|3.4  -3.9|-3.6 -5.7|-5.6 -4.2|-4.9 -0.6|1.0  -2.3|-1.9 -3.8|-4.0 -0.7|0.1  23.0|20.0 -4.4|-3.9  25/pi   STRONG signal

  Z-score stage complete: 0s total  | avg 0.19s per domain  | 0.4s wall time

  [z_scores_master.json written -> C:\Users\timot\Downloads\Science\src\KishLattice Star\lakes\unified\z_scores_master.json]

[2026-06-14 21:28:51 UTC] STAGE COMPLETE: pinch in 1s

============================================================
[2026-06-14 21:28:51 UTC] STAGE: FIGURES
Run report plugins and generate analysis figures
============================================================

[2026-06-14 21:28:51 UTC] FIGURES: Auto-discovering report plugins
  Reports directory: C:\Users\timot\Downloads\Science\src\KishLattice Star\reports

  [INFO] No report plugins found in C:\Users\timot\Downloads\Science\src\KishLattice Star\reports
         Create reports/report_XX_myname.py to add a plugin.

[2026-06-14 21:28:51 UTC] STAGE COMPLETE: figures in 0s

============================================================
[2026-06-14 21:28:51 UTC] PIPELINE COMPLETE
  Total runtime: 1s
  Log file:      lakes\logs\run_20260614_212840.log

  Stage summary:
    [OK]   scalarize    0s
    [OK]   unify        0s
    [OK]   chaos        0s
    [OK]   pinch        1s
    [OK]   figures      0s

  unified_master MD5: 2b6cd59426d7288294f9c6cffda4e309
  Checksum file:      lakes\unified\unified_master.jsonl.md5

  Engine fingerprint: 7ec3f687e97dbc53157f487b8d3c8028c78cb29cd07bf67abd2b4a5260366c03
                      d5d1612f9caf57d6b0c21459cc7e1a582bf8bbb130a32607dec51771d0db3734
                      77dbb7cfd9c0d829f7262a19a7ffe3ea8caf4329bd8303c740a920df932f4bb2
============================================================
