\BOOKMARK [0][-]{chapter*.2}{\376\377\000P\000r\000e\000f\000a\000c\000e\000:\000\040\000T\000h\000e\000\040\000N\000o\000i\000s\000e\000\040\000T\000h\000e\000y\000\040\000T\000h\000r\000e\000w\000\040\000A\000w\000a\000y}{}% 1
\BOOKMARK [0][-]{chapter.1}{\376\377\000T\000h\000e\000\040\000S\000i\000n\000g\000u\000l\000a\000r\000i\000t\000y\000\040\000P\000r\000o\000b\000l\000e\000m\000:\000\040\000W\000h\000e\000n\000\040\000t\000h\000e\000\040\000E\000q\000u\000a\000t\000i\000o\000n\000\040\000M\000e\000e\000t\000s\000\040\000t\000h\000e\000\040\000V\000o\000i\000d}{}% 2
\BOOKMARK [1][-]{section.1.1}{\376\377\000T\000h\000e\000\040\000S\000t\000a\000n\000d\000a\000r\000d\000\040\000P\000i\000c\000t\000u\000r\000e\000\040\000a\000n\000d\000\040\000I\000t\000s\000\040\000F\000a\000i\000l\000u\000r\000e}{chapter.1}% 3
\BOOKMARK [1][-]{section.1.2}{\376\377\000T\000h\000e\000\040\000P\000l\000a\000n\000c\000k\000\040\000S\000c\000a\000l\000e\000\040\000a\000s\000\040\000t\000h\000e\000\040\000L\000a\000t\000t\000i\000c\000e\000\040\000S\000p\000a\000c\000i\000n\000g}{chapter.1}% 4
\BOOKMARK [1][-]{section.1.3}{\376\377\000T\000h\000e\000\040\0002\0004\000-\000C\000e\000l\000l\000:\000\040\000T\000h\000e\000\040\000D\000e\000n\000s\000e\000s\000t\000\040\000L\000a\000t\000t\000i\000c\000e\000\040\000i\000n\000\040\000F\000o\000u\000r\000\040\000D\000i\000m\000e\000n\000s\000i\000o\000n\000s}{chapter.1}% 5
\BOOKMARK [0][-]{chapter.2}{\376\377\000T\000w\000o\000\040\000P\000r\000o\000p\000o\000s\000a\000l\000s\000:\000\040\000P\000l\000a\000n\000c\000k\000\040\000S\000t\000a\000r\000\040\000v\000s\000.\000\040\000K\000i\000s\000h\000L\000a\000t\000t\000i\000c\000e\000\040\000S\000t\000a\000r}{}% 6
\BOOKMARK [1][-]{section.2.1}{\376\377\000T\000h\000e\000\040\000P\000l\000a\000n\000c\000k\000\040\000S\000t\000a\000r\000\040\000H\000y\000p\000o\000t\000h\000e\000s\000i\000s\000\040\000\050\000R\000o\000v\000e\000l\000l\000i\000\040\000\046\000\040\000V\000i\000d\000o\000t\000t\000o\000,\000\040\0002\0000\0001\0004\000\051}{chapter.2}% 7
\BOOKMARK [1][-]{section.2.2}{\376\377\000T\000h\000e\000\040\000K\000i\000s\000h\000L\000a\000t\000t\000i\000c\000e\000\040\000S\000t\000a\000r\000\040\000\050\0002\0000\0002\0006\000\051}{chapter.2}% 8
\BOOKMARK [0][-]{chapter.3}{\376\377\000F\000a\000s\000t\000\040\000R\000a\000d\000i\000o\000\040\000B\000u\000r\000s\000t\000s\000\040\000a\000s\000\040\000P\000r\000o\000b\000e\000s\000\040\000o\000f\000\040\000L\000a\000t\000t\000i\000c\000e\000\040\000S\000t\000r\000u\000c\000t\000u\000r\000e}{}% 9
\BOOKMARK [1][-]{section.3.1}{\376\377\000T\000h\000e\000\040\000G\000h\000o\000s\000t\000\040\000N\000o\000t\000e\000s\000\040\000T\000h\000a\000t\000\040\000S\000t\000a\000r\000t\000e\000d\000\040\000t\000h\000e\000\040\000F\000r\000a\000m\000e\000w\000o\000r\000k}{chapter.3}% 10
\BOOKMARK [1][-]{section.3.2}{\376\377\000T\000h\000e\000\040\000F\000R\000B\000\040\000F\000r\000i\000c\000t\000i\000o\000n\000\040\000M\000o\000d\000e\000l\000:\000\040\000W\000h\000a\000t\000\040\000W\000e\000\040\000A\000l\000r\000e\000a\000d\000y\000\040\000K\000n\000o\000w}{chapter.3}% 11
\BOOKMARK [1][-]{section.3.3}{\376\377\000T\000h\000e\000\040\0002\0004\000-\000C\000e\000l\000l\000\040\000C\000o\000o\000r\000d\000i\000n\000a\000t\000i\000o\000n\000\040\000S\000t\000r\000u\000c\000t\000u\000r\000e\000\040\000a\000n\000d\000\040\000t\000h\000e\000\040\000=\000\040\0002\000/\0003\000\040\000D\000e\000r\000i\000v\000a\000t\000i\000o\000n}{chapter.3}% 12
\BOOKMARK [1][-]{section.3.4}{\376\377\000F\000R\000B\0002\0000\0001\0002\0001\0001\0000\0002\000A\000:\000\040\000T\000h\000e\000\040\000P\000r\000i\000m\000a\000r\000y\000\040\000M\000e\000t\000r\000o\000n\000o\000m\000e}{chapter.3}% 13
\BOOKMARK [0][-]{chapter.4}{\376\377\000T\000h\000e\000\040\000L\000I\000G\000O\000\040\000R\000i\000n\000g\000d\000o\000w\000n\000:\000\040\000R\000e\000a\000d\000i\000n\000g\000\040\000t\000h\000e\000\040\000T\000e\000r\000m\000i\000n\000u\000s\000\040\000B\000o\000u\000n\000c\000e}{}% 14
\BOOKMARK [1][-]{section.4.1}{\376\377\000T\000h\000e\000\040\000S\000t\000a\000n\000d\000a\000r\000d\000\040\000R\000i\000n\000g\000d\000o\000w\000n\000\040\000M\000o\000d\000e\000l}{chapter.4}% 15
\BOOKMARK [1][-]{section.4.2}{\376\377\000T\000h\000e\000\040\000T\000e\000r\000m\000i\000n\000u\000s\000\040\000B\000o\000u\000n\000c\000e\000\040\000F\000r\000e\000q\000u\000e\000n\000c\000y}{chapter.4}% 16
\BOOKMARK [1][-]{section.4.3}{\376\377\000T\000h\000e\000\040\000D\000e\000t\000e\000c\000t\000a\000b\000l\000e\000\040\000P\000r\000e\000d\000i\000c\000t\000i\000o\000n}{chapter.4}% 17
\BOOKMARK [0][-]{chapter.5}{\376\377\000T\000h\000e\000\040\000C\000o\000n\000v\000e\000r\000g\000e\000n\000c\000e\000\040\000T\000e\000s\000t\000:\000\040\000O\000n\000e\000\040\000T\000e\000r\000m\000i\000n\000u\000s\000,\000\040\000T\000w\000o\000\040\000I\000n\000s\000t\000r\000u\000m\000e\000n\000t\000s}{}% 18
\BOOKMARK [1][-]{section.5.1}{\376\377\000T\000h\000e\000\040\000L\000o\000g\000i\000c\000\040\000o\000f\000\040\000I\000n\000d\000e\000p\000e\000n\000d\000e\000n\000t\000\040\000C\000o\000n\000v\000e\000r\000g\000e\000n\000c\000e}{chapter.5}% 19
\BOOKMARK [1][-]{section.5.2}{\376\377\000T\000h\000e\000\040\000M\000o\000s\000t\000\040\000D\000e\000n\000s\000e\000\040\000O\000b\000j\000e\000c\000t\000s\000\040\000K\000n\000o\000w\000n}{chapter.5}% 20
\BOOKMARK [0][-]{chapter.6}{\376\377\000F\000o\000r\000m\000a\000l\000\040\000P\000r\000e\000d\000i\000c\000t\000i\000o\000n\000s\000:\000\040\000T\000h\000e\000\040\000P\000r\000e\000-\000R\000e\000g\000i\000s\000t\000r\000a\000t\000i\000o\000n\000\040\000R\000e\000c\000o\000r\000d}{}% 21
\BOOKMARK [0][-]{chapter.7}{\376\377\000P\000r\000o\000p\000o\000s\000e\000d\000\040\000L\000a\000k\000e\000s\000\040\000a\000n\000d\000\040\000M\000e\000t\000h\000o\000d\000o\000l\000o\000g\000y}{}% 22
\BOOKMARK [1][-]{section.7.1}{\376\377\000L\000a\000k\000e\000\040\000D\000e\000s\000i\000g\000n\000:\000\040\000L\000\137\000l\000i\000g\000o\000\137\000r\000i\000n\000g\000d\000o\000w\000n}{chapter.7}% 23
\BOOKMARK [1][-]{section.7.2}{\376\377\000L\000a\000k\000e\000\040\000D\000e\000s\000i\000g\000n\000:\000\040\000L\000\137\000f\000r\000b\000\137\000t\000i\000m\000i\000n\000g}{chapter.7}% 24
\BOOKMARK [1][-]{section.7.3}{\376\377\000T\000h\000e\000\040\000F\000r\000i\000c\000t\000i\000o\000n\000\040\000M\000o\000d\000e\000l\000\040\000R\000e\000-\000F\000i\000t\000\040\000P\000r\000o\000t\000o\000c\000o\000l}{chapter.7}% 25
\BOOKMARK [0][-]{chapter.8}{\376\377\000T\000h\000e\000\040\000V\000e\000r\000d\000i\000c\000t\000\040\000W\000e\000\040\000A\000r\000e\000\040\000S\000e\000e\000k\000i\000n\000g}{}% 26
\BOOKMARK [1][-]{section.8.1}{\376\377\000W\000h\000a\000t\000\040\000t\000h\000e\000\040\000D\000a\000t\000a\000\040\000W\000i\000l\000l\000\040\000T\000e\000l\000l\000\040\000U\000s}{chapter.8}% 27
\BOOKMARK [1][-]{section.8.2}{\376\377\000W\000h\000a\000t\000\040\000W\000e\000\040\000A\000r\000e\000\040\000N\000o\000t\000\040\000C\000l\000a\000i\000m\000i\000n\000g}{chapter.8}% 28
\BOOKMARK [0][-]{chapter*.3}{\376\377\000E\000p\000i\000l\000o\000g\000u\000e\000:\000\040\000T\000h\000e\000\040\000S\000i\000g\000n\000a\000l\000\040\000i\000n\000\040\000t\000h\000e\000\040\000N\000o\000i\000s\000e}{}% 29
\BOOKMARK [0][-]{chapter*.4}{\376\377\000V\000e\000r\000s\000i\000o\000n\000\040\0002\000\040\000U\000p\000d\000a\000t\000e\000\040\040\024\000\040\000J\000u\000n\000e\000\040\0001\0004\000,\000\040\0002\0000\0002\0006\000:\000\040\000F\000i\000r\000s\000t\000\040\000S\000t\000a\000r\000\040\000P\000r\000o\000b\000e\000\040\000R\000e\000s\000u\000l\000t\000s}{}% 30
\BOOKMARK [0][-]{chapter*.5}{\376\377\000T\000h\000e\000\040\000F\000i\000r\000s\000t\000\040\000S\000t\000a\000r\000\040\000P\000r\000o\000b\000e\000\040\000R\000u\000n}{}% 31
\BOOKMARK [0][-]{chapter*.6}{\376\377\000V\000e\000r\000s\000i\000o\000n\000\040\0002\000\040\000P\000r\000e\000-\000R\000e\000g\000i\000s\000t\000e\000r\000e\000d\000\040\000P\000r\000e\000d\000i\000c\000t\000i\000o\000n\000s}{}% 32
\BOOKMARK [0][-]{chapter*.7}{\376\377\000V\000e\000r\000s\000i\000o\000n\000\040\0003\000\040\000U\000p\000d\000a\000t\000e\000\040\040\024\000\040\000J\000u\000n\000e\000\040\0002\0000\0002\0006\000:\000\040\000T\000h\000e\000\040\000L\000I\000G\000O\000\040\000P\000r\000o\000b\000e\000\040\000a\000n\000d\000\040\000t\000h\000e\000\040\000A\000u\000r\000o\000r\000a\000\040\000P\000r\000o\000t\000o\000c\000o\000l}{}% 33
\BOOKMARK [0][-]{chapter*.8}{\376\377\000T\000h\000e\000\040\000L\000I\000G\000O\000\040\000P\000r\000o\000b\000e\000:\000\040\000A\000\040\000C\000h\000r\000o\000n\000i\000c\000l\000e\000\040\000o\000f\000\040\000S\000c\000i\000e\000n\000t\000i\000f\000i\000c\000\040\000D\000i\000s\000c\000i\000p\000l\000i\000n\000e}{}% 34
\BOOKMARK [0][-]{chapter*.9}{\376\377\000T\000h\000e\000\040\000C\000r\000o\000s\000s\000-\000S\000p\000e\000c\000t\000r\000a\000l\000\040\000C\000o\000h\000e\000r\000e\000n\000c\000e\000\040\000I\000n\000s\000t\000r\000u\000m\000e\000n\000t}{}% 35
\BOOKMARK [0][-]{chapter*.10}{\376\377\000T\000h\000e\000\040\000A\000u\000r\000o\000r\000a\000\040\000P\000r\000o\000t\000o\000c\000o\000l\000:\000\040\000C\000o\000l\000l\000a\000b\000o\000r\000a\000t\000i\000v\000e\000\040\000S\000c\000i\000e\000n\000t\000i\000f\000i\000c\000\040\000D\000i\000s\000c\000o\000v\000e\000r\000y}{}% 36
\BOOKMARK [0][-]{chapter*.11}{\376\377\000V\0004\000\040\000P\000r\000e\000-\000R\000e\000g\000i\000s\000t\000r\000a\000t\000i\000o\000n\000:\000\040\000C\000o\000h\000e\000r\000e\000n\000c\000e\000\040\000C\000h\000a\000n\000n\000e\000l\000\040\040\024\000\040\000F\000i\000l\000e\000d\000\040\000B\000e\000f\000o\000r\000e\000\040\000P\000i\000p\000e\000l\000i\000n\000e\000\040\000E\000x\000e\000c\000u\000t\000i\000o\000n}{}% 37
\BOOKMARK [0][-]{chapter.9}{\376\377\000V\0005\000:\000\040\000T\000h\000e\000\040\000C\000o\000h\000e\000r\000e\000n\000c\000e\000\040\000R\000u\000n\000,\000\040\000t\000h\000e\000\040\000H\000a\000l\000t\000,\000\040\000a\000n\000d\000\040\000t\000h\000e\000\040\000T\000h\000i\000r\000d\000\040\000D\000e\000t\000e\000c\000t\000o\000r}{}% 38
\BOOKMARK [1][-]{section.9.1}{\376\377\000W\000h\000e\000r\000e\000\040\000V\0004\000\040\000L\000e\000f\000t\000\040\000O\000f\000f}{chapter.9}% 39
\BOOKMARK [1][-]{section.9.2}{\376\377\000S\000t\000e\000p\000\040\000O\000n\000e\000:\000\040\000R\000u\000n\000n\000i\000n\000g\000\040\000t\000h\000e\000\040\000P\000r\000e\000-\000R\000e\000g\000i\000s\000t\000e\000r\000e\000d\000\040\000I\000n\000s\000t\000r\000u\000m\000e\000n\000t}{chapter.9}% 40
\BOOKMARK [1][-]{section.9.3}{\376\377\000T\000h\000e\000\040\000V\000e\000r\000d\000i\000c\000t\000:\000\040\000A\000M\000B\000I\000G\000U\000O\000U\000S\000\040\000/\000\040\000S\000e\000n\000s\000i\000t\000i\000v\000i\000t\000y\000-\000L\000i\000m\000i\000t\000e\000d}{chapter.9}% 41
\BOOKMARK [1][-]{section.9.4}{\376\377\000S\000t\000e\000p\000\040\000T\000w\000o\000:\000\040\000W\000h\000y\000\040\000a\000\040\000T\000h\000i\000r\000d\000\040\000D\000e\000t\000e\000c\000t\000o\000r\000,\000\040\000a\000n\000d\000\040\000W\000h\000a\000t\000\040\000I\000t\000\040\000C\000a\000n\000\040\000a\000n\000d\000\040\000C\000a\000n\000n\000o\000t\000\040\000F\000i\000x}{chapter.9}% 42
\BOOKMARK [1][-]{section.9.5}{\376\377\000T\000h\000e\000\040\000C\000o\000r\000r\000e\000c\000t\000e\000d\000\040\000A\000r\000c\000h\000i\000t\000e\000c\000t\000u\000r\000e\000:\000\040\000T\000w\000o\000\040\000L\000a\000n\000e\000s\000,\000\040\000N\000o\000t\000\040\000O\000n\000e\000\040\000G\000a\000t\000e}{chapter.9}% 43
\BOOKMARK [1][-]{section.9.6}{\376\377\000R\000e\000c\000o\000n\000c\000i\000l\000i\000n\000g\000\040\000t\000h\000e\000\040\000E\000v\000e\000n\000t\000\040\000C\000o\000u\000n\000t\000:\000\040\0008\0008\000\040\000v\000s\000.\000\040\0008\0006}{chapter.9}% 44
\BOOKMARK [1][-]{section.9.7}{\376\377\000W\000h\000a\000t\000\040\000C\000o\000m\000e\000s\000\040\000N\000e\000x\000t}{chapter.9}% 45
\BOOKMARK [0][-]{chapter.10}{\376\377\000V\0006\000:\000\040\000T\000h\000e\000\040\000C\000o\000r\000r\000e\000c\000t\000e\000d\000\040\000I\000n\000s\000t\000r\000u\000m\000e\000n\000t\000,\000\040\000t\000h\000e\000\040\000H\000o\000n\000e\000s\000t\000\040\000N\000u\000l\000l\000,\000\040\000a\000n\000d\000\040\000t\000h\000e\000\040\000C\000l\000o\000s\000i\000n\000g\000\040\000o\000f\000\040\000t\000h\000e\000\040\000S\000t\000a\000r\000\040\000P\000a\000p\000e\000r}{}% 46
\BOOKMARK [1][-]{section.10.1}{\376\377\000W\000h\000a\000t\000\040\000W\000a\000s\000\040\000F\000o\000u\000n\000d\000\040\000B\000e\000t\000w\000e\000e\000n\000\040\000V\0005\000\040\000a\000n\000d\000\040\000V\0006}{chapter.10}% 47
\BOOKMARK [1][-]{section.10.2}{\376\377\000T\000h\000e\000\040\000A\000r\000c\000h\000i\000t\000e\000c\000t\000u\000r\000a\000l\000\040\000C\000o\000r\000r\000e\000c\000t\000i\000o\000n}{chapter.10}% 48
\BOOKMARK [1][-]{section.10.3}{\376\377\000P\000r\000o\000v\000i\000n\000g\000\040\000t\000h\000e\000\040\000F\000i\000x\000\040\000o\000n\000\040\000N\000o\000i\000s\000e\000\040\000B\000e\000f\000o\000r\000e\000\040\000T\000r\000u\000s\000t\000i\000n\000g\000\040\000I\000t\000\040\000o\000n\000\040\000S\000i\000g\000n\000a\000l}{chapter.10}% 49
\BOOKMARK [1][-]{section.10.4}{\376\377\000T\000h\000e\000\040\000R\000e\000a\000l\000\040\000R\000e\000s\000u\000l\000t}{chapter.10}% 50
\BOOKMARK [1][-]{section.10.5}{\376\377\000T\000h\000e\000\040\000V\000e\000r\000d\000i\000c\000t\000:\000\040\000F\000a\000l\000s\000i\000f\000i\000c\000a\000t\000i\000o\000n}{chapter.10}% 51
\BOOKMARK [1][-]{section.10.6}{\376\377\000W\000h\000a\000t\000\040\000T\000h\000i\000s\000\040\000C\000l\000o\000s\000e\000s\000,\000\040\000a\000n\000d\000\040\000W\000h\000a\000t\000\040\000I\000t\000\040\000D\000o\000e\000s\000\040\000N\000o\000t}{chapter.10}% 52
\BOOKMARK [0][-]{chapter*.12}{\376\377\000B\000i\000b\000l\000i\000o\000g\000r\000a\000p\000h\000y}{}% 53
